[15:33:09] [ServerMain/INFO]: Environment: Environment[sessionHost=https://sessionserver.mojang.com, servicesHost=https://api.minecraftservices.com, name=PROD]
[15:33:11] [Yggdrasil Key Fetcher/ERROR]: Failed to request yggdrasil public key
com.mojang.authlib.exceptions.MinecraftClientException: Failed to read from https://api.minecraftservices.com/publickeys due to PKIX path building failed: sun.security.provider.certpath.SunCertPathBuilderException: unable to find valid certification path to requested target
	at com.mojang.authlib.minecraft.client.MinecraftClient.readInputStream(MinecraftClient.java:108) ~[authlib-5.0.51.jar:?]
	at com.mojang.authlib.minecraft.client.MinecraftClient.get(MinecraftClient.java:57) ~[authlib-5.0.51.jar:?]
	at com.mojang.authlib.yggdrasil.YggdrasilServicesKeyInfo.fetch(YggdrasilServicesKeyInfo.java:94) ~[authlib-5.0.51.jar:?]
	at com.mojang.authlib.yggdrasil.YggdrasilServicesKeyInfo.lambda$get$1(YggdrasilServicesKeyInfo.java:81) ~[authlib-5.0.51.jar:?]
	at java.util.concurrent.Executors$RunnableAdapter.call(Executors.java:539) ~[?:?]
	at java.util.concurrent.FutureTask.runAndReset(FutureTask.java:305) ~[?:?]
	at java.util.concurrent.ScheduledThreadPoolExecutor$ScheduledFutureTask.run(ScheduledThreadPoolExecutor.java:305) ~[?:?]
	at java.util.concurrent.ThreadPoolExecutor.runWorker(ThreadPoolExecutor.java:1136) ~[?:?]
	at java.util.concurrent.ThreadPoolExecutor$Worker.run(ThreadPoolExecutor.java:635) ~[?:?]
	at java.lang.Thread.run(Thread.java:842) ~[?:?]
Caused by: javax.net.ssl.SSLHandshakeException: PKIX path building failed: sun.security.provider.certpath.SunCertPathBuilderException: unable to find valid certification path to requested target
	at sun.security.ssl.Alert.createSSLException(Alert.java:131) ~[?:?]
	at sun.security.ssl.TransportContext.fatal(TransportContext.java:378) ~[?:?]
	at sun.security.ssl.TransportContext.fatal(TransportContext.java:321) ~[?:?]
	at sun.security.ssl.TransportContext.fatal(TransportContext.java:316) ~[?:?]
	at sun.security.ssl.CertificateMessage$T13CertificateConsumer.checkServerCerts(CertificateMessage.java:1351) ~[?:?]
	at sun.security.ssl.CertificateMessage$T13CertificateConsumer.onConsumeCertificate(CertificateMessage.java:1226) ~[?:?]
	at sun.security.ssl.CertificateMessage$T13CertificateConsumer.consume(CertificateMessage.java:1169) ~[?:?]
	at sun.security.ssl.SSLHandshake.consume(SSLHandshake.java:396) ~[?:?]
	at sun.security.ssl.HandshakeContext.dispatch(HandshakeContext.java:480) ~[?:?]
	at sun.security.ssl.HandshakeContext.dispatch(HandshakeContext.java:458) ~[?:?]
	at sun.security.ssl.TransportContext.dispatch(TransportContext.java:201) ~[?:?]
	at sun.security.ssl.SSLTransport.decode(SSLTransport.java:172) ~[?:?]
	at sun.security.ssl.SSLSocketImpl.decode(SSLSocketImpl.java:1506) ~[?:?]
	at sun.security.ssl.SSLSocketImpl.readHandshakeRecord(SSLSocketImpl.java:1421) ~[?:?]
	at sun.security.ssl.SSLSocketImpl.startHandshake(SSLSocketImpl.java:455) ~[?:?]
	at sun.security.ssl.SSLSocketImpl.startHandshake(SSLSocketImpl.java:426) ~[?:?]
	at sun.net.www.protocol.https.HttpsClient.afterConnect(HttpsClient.java:589) ~[?:?]
	at sun.net.www.protocol.https.AbstractDelegateHttpsURLConnection.connect(AbstractDelegateHttpsURLConnection.java:187) ~[?:?]
	at sun.net.www.protocol.http.HttpURLConnection.getInputStream0(HttpURLConnection.java:1686) ~[?:?]
	at sun.net.www.protocol.http.HttpURLConnection.getInputStream(HttpURLConnection.java:1610) ~[?:?]
	at java.net.HttpURLConnection.getResponseCode(HttpURLConnection.java:529) ~[?:?]
	at sun.net.www.protocol.https.HttpsURLConnectionImpl.getResponseCode(HttpsURLConnectionImpl.java:308) ~[?:?]
	at com.mojang.authlib.minecraft.client.MinecraftClient.readInputStream(MinecraftClient.java:84) ~[authlib-5.0.51.jar:?]
	... 9 more
Caused by: sun.security.validator.ValidatorException: PKIX path building failed: sun.security.provider.certpath.SunCertPathBuilderException: unable to find valid certification path to requested target
	at sun.security.validator.PKIXValidator.doBuild(PKIXValidator.java:439) ~[?:?]
	at sun.security.validator.PKIXValidator.engineValidate(PKIXValidator.java:306) ~[?:?]
	at sun.security.validator.Validator.validate(Validator.java:264) ~[?:?]
	at sun.security.ssl.X509TrustManagerImpl.checkTrusted(X509TrustManagerImpl.java:231) ~[?:?]
	at sun.security.ssl.X509TrustManagerImpl.checkServerTrusted(X509TrustManagerImpl.java:132) ~[?:?]
	at sun.security.ssl.CertificateMessage$T13CertificateConsumer.checkServerCerts(CertificateMessage.java:1335) ~[?:?]
	at sun.security.ssl.CertificateMessage$T13CertificateConsumer.onConsumeCertificate(CertificateMessage.java:1226) ~[?:?]
	at sun.security.ssl.CertificateMessage$T13CertificateConsumer.consume(CertificateMessage.java:1169) ~[?:?]
	at sun.security.ssl.SSLHandshake.consume(SSLHandshake.java:396) ~[?:?]
	at sun.security.ssl.HandshakeContext.dispatch(HandshakeContext.java:480) ~[?:?]
	at sun.security.ssl.HandshakeContext.dispatch(HandshakeContext.java:458) ~[?:?]
	at sun.security.ssl.TransportContext.dispatch(TransportContext.java:201) ~[?:?]
	at sun.security.ssl.SSLTransport.decode(SSLTransport.java:172) ~[?:?]
	at sun.security.ssl.SSLSocketImpl.decode(SSLSocketImpl.java:1506) ~[?:?]
	at sun.security.ssl.SSLSocketImpl.readHandshakeRecord(SSLSocketImpl.java:1421) ~[?:?]
	at sun.security.ssl.SSLSocketImpl.startHandshake(SSLSocketImpl.java:455) ~[?:?]
	at sun.security.ssl.SSLSocketImpl.startHandshake(SSLSocketImpl.java:426) ~[?:?]
	at sun.net.www.protocol.https.HttpsClient.afterConnect(HttpsClient.java:589) ~[?:?]
	at sun.net.www.protocol.https.AbstractDelegateHttpsURLConnection.connect(AbstractDelegateHttpsURLConnection.java:187) ~[?:?]
	at sun.net.www.protocol.http.HttpURLConnection.getInputStream0(HttpURLConnection.java:1686) ~[?:?]
	at sun.net.www.protocol.http.HttpURLConnection.getInputStream(HttpURLConnection.java:1610) ~[?:?]
	at java.net.HttpURLConnection.getResponseCode(HttpURLConnection.java:529) ~[?:?]
	at sun.net.www.protocol.https.HttpsURLConnectionImpl.getResponseCode(HttpsURLConnectionImpl.java:308) ~[?:?]
	at com.mojang.authlib.minecraft.client.MinecraftClient.readInputStream(MinecraftClient.java:84) ~[authlib-5.0.51.jar:?]
	... 9 more
Caused by: sun.security.provider.certpath.SunCertPathBuilderException: unable to find valid certification path to requested target
	at sun.security.provider.certpath.SunCertPathBuilder.build(SunCertPathBuilder.java:148) ~[?:?]
	at sun.security.provider.certpath.SunCertPathBuilder.engineBuild(SunCertPathBuilder.java:129) ~[?:?]
	at java.security.cert.CertPathBuilder.build(CertPathBuilder.java:297) ~[?:?]
	at sun.security.validator.PKIXValidator.doBuild(PKIXValidator.java:434) ~[?:?]
	at sun.security.validator.PKIXValidator.engineValidate(PKIXValidator.java:306) ~[?:?]
	at sun.security.validator.Validator.validate(Validator.java:264) ~[?:?]
	at sun.security.ssl.X509TrustManagerImpl.checkTrusted(X509TrustManagerImpl.java:231) ~[?:?]
	at sun.security.ssl.X509TrustManagerImpl.checkServerTrusted(X509TrustManagerImpl.java:132) ~[?:?]
	at sun.security.ssl.CertificateMessage$T13CertificateConsumer.checkServerCerts(CertificateMessage.java:1335) ~[?:?]
	at sun.security.ssl.CertificateMessage$T13CertificateConsumer.onConsumeCertificate(CertificateMessage.java:1226) ~[?:?]
	at sun.security.ssl.CertificateMessage$T13CertificateConsumer.consume(CertificateMessage.java:1169) ~[?:?]
	at sun.security.ssl.SSLHandshake.consume(SSLHandshake.java:396) ~[?:?]
	at sun.security.ssl.HandshakeContext.dispatch(HandshakeContext.java:480) ~[?:?]
	at sun.security.ssl.HandshakeContext.dispatch(HandshakeContext.java:458) ~[?:?]
	at sun.security.ssl.TransportContext.dispatch(TransportContext.java:201) ~[?:?]
	at sun.security.ssl.SSLTransport.decode(SSLTransport.java:172) ~[?:?]
	at sun.security.ssl.SSLSocketImpl.decode(SSLSocketImpl.java:1506) ~[?:?]
	at sun.security.ssl.SSLSocketImpl.readHandshakeRecord(SSLSocketImpl.java:1421) ~[?:?]
	at sun.security.ssl.SSLSocketImpl.startHandshake(SSLSocketImpl.java:455) ~[?:?]
	at sun.security.ssl.SSLSocketImpl.startHandshake(SSLSocketImpl.java:426) ~[?:?]
	at sun.net.www.protocol.https.HttpsClient.afterConnect(HttpsClient.java:589) ~[?:?]
	at sun.net.www.protocol.https.AbstractDelegateHttpsURLConnection.connect(AbstractDelegateHttpsURLConnection.java:187) ~[?:?]
	at sun.net.www.protocol.http.HttpURLConnection.getInputStream0(HttpURLConnection.java:1686) ~[?:?]
	at sun.net.www.protocol.http.HttpURLConnection.getInputStream(HttpURLConnection.java:1610) ~[?:?]
	at java.net.HttpURLConnection.getResponseCode(HttpURLConnection.java:529) ~[?:?]
	at sun.net.www.protocol.https.HttpsURLConnectionImpl.getResponseCode(HttpsURLConnectionImpl.java:308) ~[?:?]
	at com.mojang.authlib.minecraft.client.MinecraftClient.readInputStream(MinecraftClient.java:84) ~[authlib-5.0.51.jar:?]
	... 9 more
[15:33:14] [ServerMain/INFO]: Loaded 7 recipes
[15:33:19] [Server thread/INFO]: Starting minecraft server version 1.20.4
[15:33:19] [Server thread/INFO]: Loading properties
[15:33:19] [Server thread/INFO]: This server is running CraftBukkit version 4090-Spigot-b754dcc-38b1f49 (MC: 1.20.4) (Implementing API version 1.20.4-R0.1-SNAPSHOT)
[15:33:21] [Server thread/INFO]: Debug logging is disabled
[15:33:21] [Server thread/INFO]: Server Ping Player Sample Count: 12
[15:33:21] [Server thread/INFO]: Using 4 threads for Netty based IO
[15:33:21] [Server thread/INFO]: Default game type: SURVIVAL
[15:33:21] [Server thread/INFO]: Generating keypair
[15:33:21] [Server thread/INFO]: Starting Minecraft server on *:25565
[15:33:21] [Server thread/INFO]: Using default channel type
[15:33:21] [Server thread/WARN]: Initializing Legacy Material Support. Unless you have legacy plugins and/or data this is a bug!
[15:33:28] [Server thread/WARN]: Legacy plugin OnePlayerSleep v1.3 does not specify an api-version.
[15:33:28] [Server thread/INFO]: [LoginPlus] Loading LoginPlus v3.2.1
[15:33:28] [Server thread/INFO]: [OnePlayerSleep] Loading OnePlayerSleep v1.3
[15:33:28] [Server thread/INFO]: [Images] Loading Images v2.5.2
[15:33:28] [Server thread/INFO]: [ViaVersion] Loading ViaVersion v5.1.1
[15:33:28] [Server thread/INFO]: [ViaVersion] ViaVersion 5.1.1 is now loaded. Registering protocol transformers and injecting...
[15:33:30] [Via-Mappingloader-0/INFO]: [ViaVersion] Loading block connection mappings ...
[15:33:30] [Via-Mappingloader-0/INFO]: [ViaVersion] Using FastUtil Long2ObjectOpenHashMap for block connections
[15:33:30] [Server thread/INFO]: [ViaBackwards] Loading translations...
[15:33:30] [Server thread/INFO]: [ViaBackwards] Registering protocols...
[15:33:32] [Server thread/INFO]: [ViaBackwards] Loading ViaBackwards v5.1.1
[15:33:32] [Server thread/INFO]: [Spamkiller] Loading Spamkiller v1.0.3
[15:33:32] [Server thread/WARN]: **** SERVER IS RUNNING IN OFFLINE/INSECURE MODE!
[15:33:32] [Server thread/WARN]: The server will make no attempt to authenticate usernames. Beware.
[15:33:32] [Server thread/WARN]: While this makes the game possible to play without internet access, it also opens up the ability for hackers to connect with any username they choose.
[15:33:32] [Server thread/WARN]: To change this, set "online-mode" to "true" in the server.properties file.
[15:33:32] [Server thread/INFO]: Preparing level "world"
[15:33:32] [Server thread/INFO]: -------- World Settings For [world] --------
[15:33:32] [Server thread/INFO]: Nerfing mobs spawned from spawners: false
[15:33:32] [Server thread/INFO]: Item Despawn Rate: 6000
[15:33:32] [Server thread/INFO]: Item Merge Radius: 2.5
[15:33:32] [Server thread/INFO]: View Distance: 10
[15:33:32] [Server thread/INFO]: Simulation Distance: 10
[15:33:32] [Server thread/INFO]: Arrow Despawn Rate: 1200 Trident Respawn Rate:1200
[15:33:32] [Server thread/INFO]: Allow Zombie Pigmen to spawn from portal blocks: true
[15:33:32] [Server thread/INFO]: Zombie Aggressive Towards Villager: true
[15:33:32] [Server thread/INFO]: Experience Merge Radius: 3.0
[15:33:32] [Server thread/INFO]: Mob Spawn Range: 6
[15:33:32] [Server thread/INFO]: Cactus Growth Modifier: 100%
[15:33:32] [Server thread/INFO]: Cane Growth Modifier: 100%
[15:33:32] [Server thread/INFO]: Melon Growth Modifier: 100%
[15:33:32] [Server thread/INFO]: Mushroom Growth Modifier: 100%
[15:33:32] [Server thread/INFO]: Pumpkin Growth Modifier: 100%
[15:33:32] [Server thread/INFO]: Sapling Growth Modifier: 100%
[15:33:32] [Server thread/INFO]: Beetroot Growth Modifier: 100%
[15:33:32] [Server thread/INFO]: Carrot Growth Modifier: 100%
[15:33:32] [Server thread/INFO]: Potato Growth Modifier: 100%
[15:33:32] [Server thread/INFO]: Wheat Growth Modifier: 100%
[15:33:32] [Server thread/INFO]: NetherWart Growth Modifier: 100%
[15:33:32] [Server thread/INFO]: Vine Growth Modifier: 100%
[15:33:32] [Server thread/INFO]: Cocoa Growth Modifier: 100%
[15:33:32] [Server thread/INFO]: Bamboo Growth Modifier: 100%
[15:33:32] [Server thread/INFO]: SweetBerry Growth Modifier: 100%
[15:33:32] [Server thread/INFO]: Kelp Growth Modifier: 100%
[15:33:32] [Server thread/INFO]: TwistingVines Growth Modifier: 100%
[15:33:32] [Server thread/INFO]: WeepingVines Growth Modifier: 100%
[15:33:32] [Server thread/INFO]: CaveVines Growth Modifier: 100%
[15:33:32] [Server thread/INFO]: Entity Activation Range: An 32 / Mo 32 / Ra 48 / Mi 16 / Tiv true / Isa false
[15:33:32] [Server thread/INFO]: Entity Tracking Range: Pl 48 / An 48 / Mo 48 / Mi 32 / Di 128 / Other 64
[15:33:32] [Server thread/INFO]: Hopper Transfer: 8 Hopper Check: 1 Hopper Amount: 1 Hopper Can Load Chunks: false
[15:33:32] [Server thread/INFO]: Custom Map Seeds:  Village: 10387312 Desert: 14357617 Igloo: 14357618 Jungle: 14357619 Swamp: 14357620 Monument: 10387313 Ocean: 14357621 Shipwreck: 165745295 End City: 10387313 Slime: 987234911 Nether: 30084232 Mansion: 10387319 Fossil: 14357921 Portal: 34222645
[15:33:32] [Server thread/INFO]: Max TNT Explosions: 100
[15:33:32] [Server thread/INFO]: Tile Max Tick Time: 50ms Entity max Tick Time: 50ms
[15:33:32] [Server thread/INFO]: -------- World Settings For [world_nether] --------
[15:33:32] [Server thread/INFO]: Nerfing mobs spawned from spawners: false
[15:33:32] [Server thread/INFO]: Item Despawn Rate: 6000
[15:33:32] [Server thread/INFO]: Item Merge Radius: 2.5
[15:33:32] [Server thread/INFO]: View Distance: 10
[15:33:32] [Server thread/INFO]: Simulation Distance: 10
[15:33:32] [Server thread/INFO]: Arrow Despawn Rate: 1200 Trident Respawn Rate:1200
[15:33:32] [Server thread/INFO]: Allow Zombie Pigmen to spawn from portal blocks: true
[15:33:32] [Server thread/INFO]: Zombie Aggressive Towards Villager: true
[15:33:32] [Server thread/INFO]: Experience Merge Radius: 3.0
[15:33:32] [Server thread/INFO]: Mob Spawn Range: 6
[15:33:32] [Server thread/INFO]: Cactus Growth Modifier: 100%
[15:33:32] [Server thread/INFO]: Cane Growth Modifier: 100%
[15:33:32] [Server thread/INFO]: Melon Growth Modifier: 100%
[15:33:32] [Server thread/INFO]: Mushroom Growth Modifier: 100%
[15:33:32] [Server thread/INFO]: Pumpkin Growth Modifier: 100%
[15:33:32] [Server thread/INFO]: Sapling Growth Modifier: 100%
[15:33:32] [Server thread/INFO]: Beetroot Growth Modifier: 100%
[15:33:32] [Server thread/INFO]: Carrot Growth Modifier: 100%
[15:33:32] [Server thread/INFO]: Potato Growth Modifier: 100%
[15:33:32] [Server thread/INFO]: Wheat Growth Modifier: 100%
[15:33:32] [Server thread/INFO]: NetherWart Growth Modifier: 100%
[15:33:32] [Server thread/INFO]: Vine Growth Modifier: 100%
[15:33:32] [Server thread/INFO]: Cocoa Growth Modifier: 100%
[15:33:32] [Server thread/INFO]: Bamboo Growth Modifier: 100%
[15:33:32] [Server thread/INFO]: SweetBerry Growth Modifier: 100%
[15:33:32] [Server thread/INFO]: Kelp Growth Modifier: 100%
[15:33:32] [Server thread/INFO]: TwistingVines Growth Modifier: 100%
[15:33:32] [Server thread/INFO]: WeepingVines Growth Modifier: 100%
[15:33:32] [Server thread/INFO]: CaveVines Growth Modifier: 100%
[15:33:32] [Server thread/INFO]: Entity Activation Range: An 32 / Mo 32 / Ra 48 / Mi 16 / Tiv true / Isa false
[15:33:32] [Server thread/INFO]: Entity Tracking Range: Pl 48 / An 48 / Mo 48 / Mi 32 / Di 128 / Other 64
[15:33:32] [Server thread/INFO]: Hopper Transfer: 8 Hopper Check: 1 Hopper Amount: 1 Hopper Can Load Chunks: false
[15:33:32] [Server thread/INFO]: Custom Map Seeds:  Village: 10387312 Desert: 14357617 Igloo: 14357618 Jungle: 14357619 Swamp: 14357620 Monument: 10387313 Ocean: 14357621 Shipwreck: 165745295 End City: 10387313 Slime: 987234911 Nether: 30084232 Mansion: 10387319 Fossil: 14357921 Portal: 34222645
[15:33:32] [Server thread/INFO]: Max TNT Explosions: 100
[15:33:32] [Server thread/INFO]: Tile Max Tick Time: 50ms Entity max Tick Time: 50ms
[15:33:36] [Server thread/INFO]: -------- World Settings For [world_the_end] --------
[15:33:36] [Server thread/INFO]: Nerfing mobs spawned from spawners: false
[15:33:36] [Server thread/INFO]: Item Despawn Rate: 6000
[15:33:36] [Server thread/INFO]: Item Merge Radius: 2.5
[15:33:36] [Server thread/INFO]: View Distance: 10
[15:33:36] [Server thread/INFO]: Simulation Distance: 10
[15:33:36] [Server thread/INFO]: Arrow Despawn Rate: 1200 Trident Respawn Rate:1200
[15:33:36] [Server thread/INFO]: Allow Zombie Pigmen to spawn from portal blocks: true
[15:33:36] [Server thread/INFO]: Zombie Aggressive Towards Villager: true
[15:33:36] [Server thread/INFO]: Experience Merge Radius: 3.0
[15:33:36] [Server thread/INFO]: Mob Spawn Range: 6
[15:33:36] [Server thread/INFO]: Cactus Growth Modifier: 100%
[15:33:36] [Server thread/INFO]: Cane Growth Modifier: 100%
[15:33:36] [Server thread/INFO]: Melon Growth Modifier: 100%
[15:33:36] [Server thread/INFO]: Mushroom Growth Modifier: 100%
[15:33:36] [Server thread/INFO]: Pumpkin Growth Modifier: 100%
[15:33:36] [Server thread/INFO]: Sapling Growth Modifier: 100%
[15:33:36] [Server thread/INFO]: Beetroot Growth Modifier: 100%
[15:33:36] [Server thread/INFO]: Carrot Growth Modifier: 100%
[15:33:36] [Server thread/INFO]: Potato Growth Modifier: 100%
[15:33:36] [Server thread/INFO]: Wheat Growth Modifier: 100%
[15:33:36] [Server thread/INFO]: NetherWart Growth Modifier: 100%
[15:33:36] [Server thread/INFO]: Vine Growth Modifier: 100%
[15:33:36] [Server thread/INFO]: Cocoa Growth Modifier: 100%
[15:33:36] [Server thread/INFO]: Bamboo Growth Modifier: 100%
[15:33:36] [Server thread/INFO]: SweetBerry Growth Modifier: 100%
[15:33:36] [Server thread/INFO]: Kelp Growth Modifier: 100%
[15:33:36] [Server thread/INFO]: TwistingVines Growth Modifier: 100%
[15:33:36] [Server thread/INFO]: WeepingVines Growth Modifier: 100%
[15:33:36] [Server thread/INFO]: CaveVines Growth Modifier: 100%
[15:33:36] [Server thread/INFO]: Entity Activation Range: An 32 / Mo 32 / Ra 48 / Mi 16 / Tiv true / Isa false
[15:33:36] [Server thread/INFO]: Entity Tracking Range: Pl 48 / An 48 / Mo 48 / Mi 32 / Di 128 / Other 64
[15:33:36] [Server thread/INFO]: Hopper Transfer: 8 Hopper Check: 1 Hopper Amount: 1 Hopper Can Load Chunks: false
[15:33:36] [Server thread/INFO]: Custom Map Seeds:  Village: 10387312 Desert: 14357617 Igloo: 14357618 Jungle: 14357619 Swamp: 14357620 Monument: 10387313 Ocean: 14357621 Shipwreck: 165745295 End City: 10387313 Slime: 987234911 Nether: 30084232 Mansion: 10387319 Fossil: 14357921 Portal: 34222645
[15:33:36] [Server thread/INFO]: Max TNT Explosions: 100
[15:33:36] [Server thread/INFO]: Tile Max Tick Time: 50ms Entity max Tick Time: 50ms
[15:33:36] [Server thread/INFO]: Preparing start region for dimension minecraft:overworld
[15:33:47] [Worker-Main-1/INFO]: Preparing spawn area: 0%
[15:33:47] [Worker-Main-1/INFO]: Preparing spawn area: 0%
[15:33:47] [Worker-Main-1/INFO]: Preparing spawn area: 0%
[15:33:47] [Worker-Main-1/INFO]: Preparing spawn area: 0%
[15:33:47] [Worker-Main-1/INFO]: Preparing spawn area: 0%
[15:33:47] [Worker-Main-1/INFO]: Preparing spawn area: 0%
[15:33:47] [Worker-Main-1/INFO]: Preparing spawn area: 0%
[15:33:47] [Worker-Main-2/INFO]: Preparing spawn area: 0%
[15:33:47] [Worker-Main-2/INFO]: Preparing spawn area: 0%
[15:33:47] [Worker-Main-4/INFO]: Preparing spawn area: 0%
[15:33:47] [Worker-Main-4/INFO]: Preparing spawn area: 0%
[15:33:47] [Worker-Main-2/INFO]: Preparing spawn area: 0%
[15:33:47] [Worker-Main-6/INFO]: Preparing spawn area: 0%
[15:33:47] [Worker-Main-5/INFO]: Preparing spawn area: 0%
[15:33:47] [Worker-Main-6/INFO]: Preparing spawn area: 0%
[15:33:47] [Worker-Main-6/INFO]: Preparing spawn area: 0%
[15:33:47] [Worker-Main-4/INFO]: Preparing spawn area: 0%
[15:33:47] [Worker-Main-4/INFO]: Preparing spawn area: 0%
[15:33:47] [Worker-Main-4/INFO]: Preparing spawn area: 0%
[15:33:47] [Worker-Main-7/INFO]: Preparing spawn area: 0%
[15:33:47] [Worker-Main-4/INFO]: Preparing spawn area: 0%
[15:33:47] [Worker-Main-4/INFO]: Preparing spawn area: 0%
[15:33:47] [Worker-Main-4/INFO]: Preparing spawn area: 0%
[15:33:47] [Worker-Main-3/INFO]: Preparing spawn area: 0%
[15:33:48] [Worker-Main-5/INFO]: Preparing spawn area: 0%
[15:33:48] [Worker-Main-7/INFO]: Preparing spawn area: 7%
[15:33:49] [Worker-Main-2/INFO]: Preparing spawn area: 7%
[15:33:49] [Worker-Main-6/INFO]: Preparing spawn area: 72%
[15:33:50] [Worker-Main-2/INFO]: Preparing spawn area: 97%
[15:33:50] [Server thread/INFO]: Time elapsed: 14106 ms
[15:33:50] [Server thread/INFO]: Preparing start region for dimension minecraft:the_nether
[15:33:56] [Worker-Main-6/INFO]: Preparing spawn area: 0%
[15:33:56] [Worker-Main-7/INFO]: Preparing spawn area: 0%
[15:33:56] [Worker-Main-3/INFO]: Preparing spawn area: 0%
[15:33:56] [Worker-Main-1/INFO]: Preparing spawn area: 0%
[15:33:56] [Worker-Main-7/INFO]: Preparing spawn area: 0%
[15:33:56] [Worker-Main-6/INFO]: Preparing spawn area: 0%
[15:33:56] [Worker-Main-1/INFO]: Preparing spawn area: 0%
[15:33:56] [Worker-Main-1/INFO]: Preparing spawn area: 0%
[15:33:56] [Worker-Main-6/INFO]: Preparing spawn area: 0%
[15:33:56] [Worker-Main-7/INFO]: Preparing spawn area: 0%
[15:33:56] [Worker-Main-1/INFO]: Preparing spawn area: 0%
[15:33:56] [Worker-Main-1/INFO]: Preparing spawn area: 0%
[15:33:56] [Worker-Main-1/INFO]: Preparing spawn area: 0%
[15:33:57] [Worker-Main-6/INFO]: Preparing spawn area: 0%
[15:33:57] [Worker-Main-5/INFO]: Preparing spawn area: 0%
[15:33:58] [Worker-Main-1/INFO]: Preparing spawn area: 0%
[15:33:58] [Worker-Main-7/INFO]: Preparing spawn area: 22%
[15:33:59] [Worker-Main-2/INFO]: Preparing spawn area: 70%
[15:33:59] [Server thread/INFO]: Time elapsed: 8804 ms
[15:33:59] [Server thread/INFO]: Preparing start region for dimension minecraft:the_end
[15:34:06] [Worker-Main-7/INFO]: Preparing spawn area: 0%
[15:34:06] [Worker-Main-5/INFO]: Preparing spawn area: 0%
[15:34:06] [Worker-Main-2/INFO]: Preparing spawn area: 0%
[15:34:06] [Worker-Main-4/INFO]: Preparing spawn area: 0%
[15:34:06] [Worker-Main-4/INFO]: Preparing spawn area: 0%
[15:34:06] [Worker-Main-7/INFO]: Preparing spawn area: 0%
[15:34:06] [Worker-Main-4/INFO]: Preparing spawn area: 0%
[15:34:06] [Worker-Main-7/INFO]: Preparing spawn area: 0%
[15:34:06] [Worker-Main-1/INFO]: Preparing spawn area: 0%
[15:34:06] [Worker-Main-6/INFO]: Preparing spawn area: 0%
[15:34:06] [Worker-Main-5/INFO]: Preparing spawn area: 0%
[15:34:06] [Worker-Main-1/INFO]: Preparing spawn area: 0%
[15:34:06] [Worker-Main-1/INFO]: Preparing spawn area: 0%
[15:34:06] [Worker-Main-5/INFO]: Preparing spawn area: 0%
[15:34:06] [Worker-Main-6/INFO]: Preparing spawn area: 0%
[15:34:06] [Worker-Main-5/INFO]: Preparing spawn area: 18%
[15:34:07] [Worker-Main-6/INFO]: Preparing spawn area: 75%
[15:34:07] [Server thread/INFO]: Time elapsed: 8316 ms
[15:34:07] [Server thread/INFO]: [LoginPlus] Enabling LoginPlus v3.2.1
[15:34:07] [Server thread/INFO]:    __             _         ___ _           
[15:34:07] [Server thread/INFO]:   / /  ___   __ _(_)_ __   / _ \ |_   _ ___ 
[15:34:07] [Server thread/INFO]:  / /  / _ \ / _` | | '_ \ / /_)/ | | | / __|
[15:34:07] [Server thread/INFO]: / /__| (_) | (_| | | | | / ___/| | |_| \__ \
[15:34:07] [Server thread/INFO]: \____/\___/ \__, |_|_| |_\/    |_|\__,_|___/
[15:34:07] [Server thread/INFO]:             |___/                           
[15:34:07] [Server thread/INFO]:                                             
[15:34:07] [Server thread/INFO]: Thank you for using LoginPlus by SyntaxPhoenix IT-Solutions
[15:34:08] [Server thread/INFO]: [OnePlayerSleep] Enabling OnePlayerSleep v1.3
[15:34:08] [Server thread/INFO]: [Images] Enabling Images v2.5.2
[15:34:08] [Server thread/INFO]: [ViaVersion] Enabling ViaVersion v5.1.1
[15:34:08] [Server thread/INFO]: [ViaVersion] ViaVersion detected server version: 1.20.3-1.20.4 (765)
[15:34:08] [Server thread/INFO]: [ViaBackwards] Enabling ViaBackwards v5.1.1
[15:34:08] [Server thread/INFO]: [Spamkiller] Enabling Spamkiller v1.0.3
[15:34:08] [Server thread/INFO]: [SK] Registering listeners...
[15:34:08] [Server thread/INFO]: [SK] Loading checks...
[15:34:08] [Server thread/INFO]: [SK] Loading config...
[15:34:08] [Server thread/INFO]: [SK] Creating log file...
[15:34:08] [Server thread/INFO]: [SK] Deleting outdated log files...
[15:34:08] [Server thread/INFO]: [Spamkiller] Deleted 0 outdated log files
[15:34:08] [Server thread/INFO]: [SK] Starting data task...
[15:34:08] [Server thread/INFO]: [SK] Done!
[15:34:08] [Server thread/INFO]: Server permissions file permissions.yml is empty, ignoring it
[15:34:08] [Server thread/INFO]: Done (36.764s)! For help, type "help"
[15:34:08] [Server thread/INFO]: Stopping server
[15:34:08] [Server thread/INFO]: [Spamkiller] Disabling Spamkiller v1.0.3
[15:34:08] [Server thread/INFO]: [ViaBackwards] Disabling ViaBackwards v5.1.1
[15:34:08] [Server thread/INFO]: [ViaVersion] Disabling ViaVersion v5.1.1
[15:34:08] [Server thread/INFO]: [ViaVersion] ViaVersion is disabling. If this is a reload and you experience issues, please reboot instead.
[15:34:08] [Server thread/INFO]: [ViaVersion] ViaVersion has been disabled; uninjected the platform and shut down the scheduler.
[15:34:08] [Server thread/INFO]: [Images] Disabling Images v2.5.2
[15:34:08] [Server thread/INFO]: [OnePlayerSleep] Disabling OnePlayerSleep v1.3
[15:34:08] [Server thread/INFO]: [LoginPlus] Disabling LoginPlus v3.2.1
[15:34:08] [Server thread/INFO]: Saving players
[15:34:09] [Server thread/INFO]: Saving worlds
[15:34:15] [Server thread/INFO]: Saving chunks for level 'ServerLevel[world]'/minecraft:overworld
[15:34:25] [Server thread/INFO]: Saving chunks for level 'ServerLevel[world_nether]'/minecraft:the_nether
[15:34:27] [Server thread/INFO]: Saving chunks for level 'ServerLevel[world_the_end]'/minecraft:the_end
[15:34:27] [Server thread/INFO]: ThreadedAnvilChunkStorage (world): All chunks are saved
[15:34:27] [Server thread/INFO]: ThreadedAnvilChunkStorage (DIM-1): All chunks are saved
[15:34:27] [Server thread/INFO]: ThreadedAnvilChunkStorage (DIM1): All chunks are saved
[15:34:27] [Server thread/INFO]: ThreadedAnvilChunkStorage: All dimensions are saved
